current directory: /root/.gem/ruby/2.3.0/gems/ffi-1.9.10/ext/ffi_c
/usr/bin/ruby -r ./siteconf20160101-23940-13sagds.rb extconf.rb
checking for ffi_call() in -lffi... yes
checking for ffi_prep_closure()... yes
checking for ffi_raw_call()... yes
checking for ffi_prep_raw_closure()... yes
checking for rb_thread_blocking_region()... no
checking for rb_thread_call_with_gvl()... yes
checking for rb_thread_call_without_gvl()... yes
checking for ffi_prep_cif_var()... yes
creating extconf.h
creating Makefile

To see why this extension failed to compile, please check the mkmf.log which can be found here:

  /root/.gem/ruby/2.3.0/extensions/x86_64-linux/2.3.0/ffi-1.9.10/mkmf.log

current directory: /root/.gem/ruby/2.3.0/gems/ffi-1.9.10/ext/ffi_c
make "DESTDIR=" clean

current directory: /root/.gem/ruby/2.3.0/gems/ffi-1.9.10/ext/ffi_c
make "DESTDIR="
compiling ffi.c
compiling StructByValue.c
compiling Call.c
In file included from Call.c:62:0:
Call.c: 在函数‘do_blocking_call’中:
Thread.h:78:39: 警告：隐式声明函数‘rb_thread_call_without_gvl’ [-Wimplicit-function-declaration]
 # define rbffi_thread_blocking_region rb_thread_call_without_gvl
                                       ^
Call.c:368:5: 附注：in expansion of macro ‘rbffi_thread_blocking_region’
     rbffi_thread_blocking_region(call_blocking_function, data, (void *) -1, NULL);
     ^
compiling Pointer.c
compiling AbstractMemory.c
compiling StructByReference.c
compiling LastError.c
compiling DataConverter.c
compiling MemoryPointer.c
compiling Type.c
compiling Variadic.c
compiling StructLayout.c
compiling ClosurePool.c
compiling MethodHandle.c
compiling FunctionInfo.c
compiling Platform.c
compiling DynamicLibrary.c
compiling Thread.c
compiling Buffer.c
compiling MappedType.c
compiling LongDouble.c
compiling Types.c
compiling Function.c
Function.c: 在函数‘async_cb_event’中:
Function.c:563:9: 警告：隐式声明函数‘rb_thread_call_without_gvl’ [-Wimplicit-function-declaration]
         rb_thread_call_without_gvl(async_cb_wait, &w, async_cb_stop, &w);
         ^
compiling ArrayType.c
compiling Struct.c
linking shared-object ffi_c.so

current directory: /root/.gem/ruby/2.3.0/gems/ffi-1.9.10/ext/ffi_c
make "DESTDIR=" install
/usr/bin/install -c -m 0755 ffi_c.so ./.gem.20160101-23940-1rp9krh
